0 info it worked if it ends with ok
1 verbose cli [ 'C:\\javascript\\ncanode\\3\\\\node.exe',
1 verbose cli   'C:\\javascript\\ncanode\\3\\node_modules\\npm\\bin\\npm-cli.js',
1 verbose cli   'start' ]
2 info using npm@1.4.3
3 info using node@v0.10.26
4 verbose node symlink C:\javascript\ncanode\3\\node.exe
5 error Error: ENOENT, open 'C:\data\git-repos\gorjanz.github.io\package.json'
6 error If you need help, you may report this *entire* log,
6 error including the npm and node versions, at:
6 error     <http://github.com/npm/npm/issues>
7 error System Windows_NT 6.1.7601
8 error command "C:\\javascript\\ncanode\\3\\\\node.exe" "C:\\javascript\\ncanode\\3\\node_modules\\npm\\bin\\npm-cli.js" "start"
9 error cwd C:\data\git-repos\gorjanz.github.io
10 error node -v v0.10.26
11 error npm -v 1.4.3
12 error path C:\data\git-repos\gorjanz.github.io\package.json
13 error code ENOENT
14 error errno 34
15 verbose exit [ 34, true ]
